<?xml version="1.0" encoding="UTF-8"?>
<testsuite name="edu.virginia.sde.hw2.wordle.guessResultTest" tests="14" skipped="0" failures="0" errors="0" timestamp="2025-04-22T12:28:42.450Z" hostname="WEIXIANG" time="0.02">
  <properties/>
  <testcase name="noMatchTest()" classname="edu.virginia.sde.hw2.wordle.guessResultTest" time="0.006"/>
  <testcase name="incorrectLengthInGetLetterResultsTest()" classname="edu.virginia.sde.hw2.wordle.guessResultTest" time="0.001"/>
  <testcase name="threeSameLettersTest()" classname="edu.virginia.sde.hw2.wordle.guessResultTest" time="0.001"/>
  <testcase name="isCorrectTest_caseInsensitive()" classname="edu.virginia.sde.hw2.wordle.guessResultTest" time="0.001"/>
  <testcase name="oneYoneGreenDoubleTest()" classname="edu.virginia.sde.hw2.wordle.guessResultTest" time="0.0"/>
  <testcase name="oneGreenOneGrayDoubleTest()" classname="edu.virginia.sde.hw2.wordle.guessResultTest" time="0.0"/>
  <testcase name="allGreenMatchTest()" classname="edu.virginia.sde.hw2.wordle.guessResultTest" time="0.0"/>
  <testcase name="isCorrect_diffWord()" classname="edu.virginia.sde.hw2.wordle.guessResultTest" time="0.0"/>
  <testcase name="caseInsensitiveTest()" classname="edu.virginia.sde.hw2.wordle.guessResultTest" time="0.001"/>
  <testcase name="mixedTest()" classname="edu.virginia.sde.hw2.wordle.guessResultTest" time="0.0"/>
  <testcase name="answerTooShortInGetLetterResultsTest()" classname="edu.virginia.sde.hw2.wordle.guessResultTest" time="0.001"/>
  <testcase name="repeatedEndLettersTest()" classname="edu.virginia.sde.hw2.wordle.guessResultTest" time="0.0"/>
  <testcase name="guessTooLongInGetLetterResultsTest()" classname="edu.virginia.sde.hw2.wordle.guessResultTest" time="0.002"/>
  <testcase name="basicMatchTest()" classname="edu.virginia.sde.hw2.wordle.guessResultTest" time="0.0"/>
  <system-out><![CDATA[]]></system-out>
  <system-err><![CDATA[]]></system-err>
</testsuite>
